<?xml version="1.0" encoding="UTF-8"?>
<!-- Generated by org.testng.reporters.JUnitReportReporter -->
<testsuite skipped="0" hostname="DESKTOP-OMMHC59" name="DB.DB" tests="2" failures="0" timestamp="2021-04-21T09:27:14 IST" time="2.578" errors="0">
  <testcase name="executeQuery" time="2.365" classname="DB.DB"/>
  <system-out/>
  <testcase name="executeUpdate" time="0.213" classname="DB.DB"/>
  <system-out/>
</testsuite> <!-- DB.DB -->
